This file contains any messages produced by compilers while
running configure, to aid debugging if configure makes a mistake.

It was created by FSA configure 1.15.6, which was
generated by GNU Autoconf 2.63.  Invocation command line was

  $ ./configure 

## --------- ##
## Platform. ##
## --------- ##

hostname = europa00
uname -m = x86_64
uname -r = 2.6.18-274.el5
uname -s = Linux
uname -v = #1 SMP Fri Jul 22 04:43:29 EDT 2011

/usr/bin/uname -p = unknown
/bin/uname -X     = unknown

/bin/arch              = x86_64
/usr/bin/arch -k       = unknown
/usr/convex/getsysinfo = unknown
/usr/bin/hostinfo      = unknown
/bin/machine           = unknown
/usr/bin/oslevel       = unknown
/bin/universe          = unknown

PATH: /usr/local/mpich2-1.4.1p1/gcc412/bin
PATH: /usr/torque/sbin
PATH: /usr/torque/bin
PATH: /usr/java/jre1.6.0_31/bin
PATH: /usr/java/jdk1.6.0_31/bin
PATH: /usr/local/jspcmds
PATH: /usr/lib64/qt-3.3/bin
PATH: /usr/local/bin
PATH: /bin
PATH: /usr/bin
PATH: /opt/dell/srvadmin/bin
PATH: /mss1/bin
PATH: /home/jbkim/programs
PATH: /mss1/bin/chainNet_lastz
PATH: /mss1/projects/RACAAlign/code
PATH: /home/jbkim/programs/phast/bin
PATH: /home/jbkim/programs/bwa-0.6.2
PATH: /home/jbkim/programs/samtools-0.1.18
PATH: /home/jbkim/programs/samtools-0.1.18/bcftools
PATH: /home/jbkim/programs/circos-0.62-1/bin
PATH: /home/jbkim/programs/FastQC
PATH: /home/jbkim/programs/bedtools-2.17.0/bin
PATH: /home/jbkim/programs/bedops-1.2.5
PATH: /home/jbkim/programs/parasol/bin
PATH: /home/jbkim/programs/satsuma-2.0
PATH: /home/jbkim/programs/seaview3.2
PATH: /mss1/jbkim/Europa.Data/Programs/dawg-current-r285-new/src
PATH: /mss1/jbkim/bioen-compbio/Programs/exonerate-2.2.0/src/program
PATH: /mss1/jbkim/bioen-compbio/Programs/clustalw1.83.linux
PATH: /home/jbkim/programs/sonLib/mafTools/bin
PATH: /mss1/bin/RepeatMasker


## ----------- ##
## Core tests. ##
## ----------- ##

configure:1956: checking for a BSD-compatible install
configure:2024: result: /usr/bin/install -c
configure:2035: checking whether build environment is sane
configure:2095: result: yes
configure:2236: checking for a thread-safe mkdir -p
configure:2275: result: /bin/mkdir -p
configure:2288: checking for gawk
configure:2304: found /bin/gawk
configure:2315: result: gawk
configure:2326: checking whether make sets $(MAKE)
configure:2348: result: yes
configure:2425: checking how to create a ustar tar archive
configure:2438: tar --version
tar (GNU tar) 1.15.1
configure:2441: $? = 0
configure:2481: tardir=conftest.dir && eval tar --format=ustar -chf - "$tardir" >conftest.tar
configure:2484: $? = 0
configure:2488: tar -xf - <conftest.tar
configure:2491: $? = 0
configure:2504: result: gnutar
configure:2573: checking for gcc
configure:2589: found /usr/bin/gcc
configure:2600: result: gcc
configure:2832: checking for C compiler version
configure:2840: gcc --version >&5
gcc (GCC) 4.1.2 20080704 (Red Hat 4.1.2-54)
Copyright (C) 2006 Free Software Foundation, Inc.
This is free software; see the source for copying conditions.  There is NO
warranty; not even for MERCHANTABILITY or FITNESS FOR A PARTICULAR PURPOSE.

configure:2844: $? = 0
configure:2851: gcc -v >&5
Using built-in specs.
Target: x86_64-redhat-linux
Configured with: ../configure --prefix=/usr --mandir=/usr/share/man --infodir=/usr/share/info --enable-shared --enable-threads=posix --enable-checking=release --with-system-zlib --enable-__cxa_atexit --disable-libunwind-exceptions --enable-libgcj-multifile --enable-languages=c,c++,objc,obj-c++,java,fortran,ada --enable-java-awt=gtk --disable-dssi --disable-plugin --with-java-home=/usr/lib/jvm/java-1.4.2-gcj-1.4.2.0/jre --with-cpu=generic --host=x86_64-redhat-linux
Thread model: posix
gcc version 4.1.2 20080704 (Red Hat 4.1.2-54)
configure:2855: $? = 0
configure:2862: gcc -V >&5
gcc: '-V' option must have argument
configure:2866: $? = 1
configure:2889: checking for C compiler default output file name
configure:2911: gcc    conftest.c  >&5
configure:2915: $? = 0
configure:2953: result: a.out
configure:2972: checking whether the C compiler works
configure:2982: ./a.out
configure:2986: $? = 0
configure:3005: result: yes
configure:3012: checking whether we are cross compiling
configure:3014: result: no
configure:3017: checking for suffix of executables
configure:3024: gcc -o conftest    conftest.c  >&5
configure:3028: $? = 0
configure:3054: result: 
configure:3060: checking for suffix of object files
configure:3086: gcc -c   conftest.c >&5
configure:3090: $? = 0
configure:3115: result: o
configure:3119: checking whether we are using the GNU C compiler
configure:3148: gcc -c   conftest.c >&5
configure:3155: $? = 0
configure:3172: result: yes
configure:3181: checking whether gcc accepts -g
configure:3211: gcc -c -g  conftest.c >&5
configure:3218: $? = 0
configure:3319: result: yes
configure:3336: checking for gcc option to accept ISO C89
configure:3410: gcc  -c   conftest.c >&5
configure:3417: $? = 0
configure:3440: result: none needed
configure:3469: checking for style of include used by make
configure:3497: result: GNU
configure:3522: checking dependency style of gcc
configure:3632: result: gcc3
configure:3705: checking for g++
configure:3721: found /usr/bin/g++
configure:3732: result: g++
configure:3759: checking for C++ compiler version
configure:3767: g++ --version >&5
g++ (GCC) 4.1.2 20080704 (Red Hat 4.1.2-54)
Copyright (C) 2006 Free Software Foundation, Inc.
This is free software; see the source for copying conditions.  There is NO
warranty; not even for MERCHANTABILITY or FITNESS FOR A PARTICULAR PURPOSE.

configure:3771: $? = 0
configure:3778: g++ -v >&5
Using built-in specs.
Target: x86_64-redhat-linux
Configured with: ../configure --prefix=/usr --mandir=/usr/share/man --infodir=/usr/share/info --enable-shared --enable-threads=posix --enable-checking=release --with-system-zlib --enable-__cxa_atexit --disable-libunwind-exceptions --enable-libgcj-multifile --enable-languages=c,c++,objc,obj-c++,java,fortran,ada --enable-java-awt=gtk --disable-dssi --disable-plugin --with-java-home=/usr/lib/jvm/java-1.4.2-gcj-1.4.2.0/jre --with-cpu=generic --host=x86_64-redhat-linux
Thread model: posix
gcc version 4.1.2 20080704 (Red Hat 4.1.2-54)
configure:3782: $? = 0
configure:3789: g++ -V >&5
g++: '-V' option must have argument
configure:3793: $? = 1
configure:3796: checking whether we are using the GNU C++ compiler
configure:3825: g++ -c   conftest.cpp >&5
configure:3832: $? = 0
configure:3849: result: yes
configure:3858: checking whether g++ accepts -g
configure:3888: g++ -c -g  conftest.cpp >&5
configure:3895: $? = 0
configure:3996: result: yes
configure:4021: checking dependency style of g++
configure:4131: result: gcc3
configure:4150: checking for gawk
configure:4177: result: gawk
configure:4188: checking whether make sets $(MAKE)
configure:4210: result: yes
configure:4262: checking for ranlib
configure:4278: found /usr/bin/ranlib
configure:4289: result: ranlib
configure:4325: checking for a BSD-compatible install
configure:4393: result: /usr/bin/install -c
configure:4412: checking how to run the C++ preprocessor
configure:4448: g++ -E  conftest.cpp
configure:4455: $? = 0
configure:4486: g++ -E  conftest.cpp
conftest.cpp:10:28: error: ac_nonexistent.h: No such file or directory
configure:4493: $? = 1
configure: failed program was:
| /* confdefs.h.  */
| #define PACKAGE_NAME "FSA"
| #define PACKAGE_TARNAME "fsa"
| #define PACKAGE_VERSION "1.15.6"
| #define PACKAGE_STRING "FSA 1.15.6"
| #define PACKAGE_BUGREPORT "fsa@math.berkeley.edu"
| #define PACKAGE "fsa"
| #define VERSION "1.15.6"
| /* end confdefs.h.  */
| #include <ac_nonexistent.h>
configure:4526: result: g++ -E
configure:4555: g++ -E  conftest.cpp
configure:4562: $? = 0
configure:4593: g++ -E  conftest.cpp
conftest.cpp:10:28: error: ac_nonexistent.h: No such file or directory
configure:4600: $? = 1
configure: failed program was:
| /* confdefs.h.  */
| #define PACKAGE_NAME "FSA"
| #define PACKAGE_TARNAME "fsa"
| #define PACKAGE_VERSION "1.15.6"
| #define PACKAGE_STRING "FSA 1.15.6"
| #define PACKAGE_BUGREPORT "fsa@math.berkeley.edu"
| #define PACKAGE "fsa"
| #define VERSION "1.15.6"
| /* end confdefs.h.  */
| #include <ac_nonexistent.h>
configure:4640: checking for grep that handles long lines and -e
configure:4700: result: /bin/grep
configure:4705: checking for egrep
configure:4769: result: /bin/grep -E
configure:4774: checking for ANSI C header files
configure:4804: g++ -c   conftest.cpp >&5
configure:4811: $? = 0
configure:4910: g++ -o conftest    conftest.cpp  >&5
configure:4914: $? = 0
configure:4920: ./conftest
configure:4924: $? = 0
configure:4942: result: yes
configure:4966: checking for sys/types.h
configure:4987: g++ -c   conftest.cpp >&5
configure:4994: $? = 0
configure:5011: result: yes
configure:4966: checking for sys/stat.h
configure:4987: g++ -c   conftest.cpp >&5
configure:4994: $? = 0
configure:5011: result: yes
configure:4966: checking for stdlib.h
configure:4987: g++ -c   conftest.cpp >&5
configure:4994: $? = 0
configure:5011: result: yes
configure:4966: checking for string.h
configure:4987: g++ -c   conftest.cpp >&5
configure:4994: $? = 0
configure:5011: result: yes
configure:4966: checking for memory.h
configure:4987: g++ -c   conftest.cpp >&5
configure:4994: $? = 0
configure:5011: result: yes
configure:4966: checking for strings.h
configure:4987: g++ -c   conftest.cpp >&5
configure:4994: $? = 0
configure:5011: result: yes
configure:4966: checking for inttypes.h
configure:4987: g++ -c   conftest.cpp >&5
configure:4994: $? = 0
configure:5011: result: yes
configure:4966: checking for stdint.h
configure:4987: g++ -c   conftest.cpp >&5
configure:4994: $? = 0
configure:5011: result: yes
configure:4966: checking for unistd.h
configure:4987: g++ -c   conftest.cpp >&5
configure:4994: $? = 0
configure:5011: result: yes
configure:5032: checking for stdlib.h
configure:5039: result: yes
configure:5032: checking for string.h
configure:5039: result: yes
configure:5032: checking for unistd.h
configure:5039: result: yes
configure:5180: checking for stdbool.h that conforms to C99
configure:5275: g++ -c   conftest.cpp >&5
configure:5282: $? = 0
configure:5297: result: yes
configure:5299: checking for _Bool
configure:5327: g++ -c   conftest.cpp >&5
conftest.cpp: In function 'int main()':
conftest.cpp:59: error: '_Bool' was not declared in this scope
configure:5334: $? = 1
configure: failed program was:
| /* confdefs.h.  */
| #define PACKAGE_NAME "FSA"
| #define PACKAGE_TARNAME "fsa"
| #define PACKAGE_VERSION "1.15.6"
| #define PACKAGE_STRING "FSA 1.15.6"
| #define PACKAGE_BUGREPORT "fsa@math.berkeley.edu"
| #define PACKAGE "fsa"
| #define VERSION "1.15.6"
| #define STDC_HEADERS 1
| #define HAVE_SYS_TYPES_H 1
| #define HAVE_SYS_STAT_H 1
| #define HAVE_STDLIB_H 1
| #define HAVE_STRING_H 1
| #define HAVE_MEMORY_H 1
| #define HAVE_STRINGS_H 1
| #define HAVE_INTTYPES_H 1
| #define HAVE_STDINT_H 1
| #define HAVE_UNISTD_H 1
| #define HAVE_STDLIB_H 1
| #define HAVE_STRING_H 1
| #define HAVE_UNISTD_H 1
| /* end confdefs.h.  */
| #include <stdio.h>
| #ifdef HAVE_SYS_TYPES_H
| # include <sys/types.h>
| #endif
| #ifdef HAVE_SYS_STAT_H
| # include <sys/stat.h>
| #endif
| #ifdef STDC_HEADERS
| # include <stdlib.h>
| # include <stddef.h>
| #else
| # ifdef HAVE_STDLIB_H
| #  include <stdlib.h>
| # endif
| #endif
| #ifdef HAVE_STRING_H
| # if !defined STDC_HEADERS && defined HAVE_MEMORY_H
| #  include <memory.h>
| # endif
| # include <string.h>
| #endif
| #ifdef HAVE_STRINGS_H
| # include <strings.h>
| #endif
| #ifdef HAVE_INTTYPES_H
| # include <inttypes.h>
| #endif
| #ifdef HAVE_STDINT_H
| # include <stdint.h>
| #endif
| #ifdef HAVE_UNISTD_H
| # include <unistd.h>
| #endif
| int
| main ()
| {
| if (sizeof (_Bool))
|        return 0;
|   ;
|   return 0;
| }
configure:5391: result: no
configure:5410: checking for inline
configure:5436: g++ -c   conftest.cpp >&5
configure:5443: $? = 0
configure:5461: result: inline
configure:5480: checking for pid_t
configure:5508: g++ -c   conftest.cpp >&5
configure:5515: $? = 0
configure:5542: g++ -c   conftest.cpp >&5
conftest.cpp: In function 'int main()':
conftest.cpp:60: error: expected primary-expression before ')' token
configure:5549: $? = 1
configure: failed program was:
| /* confdefs.h.  */
| #define PACKAGE_NAME "FSA"
| #define PACKAGE_TARNAME "fsa"
| #define PACKAGE_VERSION "1.15.6"
| #define PACKAGE_STRING "FSA 1.15.6"
| #define PACKAGE_BUGREPORT "fsa@math.berkeley.edu"
| #define PACKAGE "fsa"
| #define VERSION "1.15.6"
| #define STDC_HEADERS 1
| #define HAVE_SYS_TYPES_H 1
| #define HAVE_SYS_STAT_H 1
| #define HAVE_STDLIB_H 1
| #define HAVE_STRING_H 1
| #define HAVE_MEMORY_H 1
| #define HAVE_STRINGS_H 1
| #define HAVE_INTTYPES_H 1
| #define HAVE_STDINT_H 1
| #define HAVE_UNISTD_H 1
| #define HAVE_STDLIB_H 1
| #define HAVE_STRING_H 1
| #define HAVE_UNISTD_H 1
| #define HAVE_STDBOOL_H 1
| /* end confdefs.h.  */
| #include <stdio.h>
| #ifdef HAVE_SYS_TYPES_H
| # include <sys/types.h>
| #endif
| #ifdef HAVE_SYS_STAT_H
| # include <sys/stat.h>
| #endif
| #ifdef STDC_HEADERS
| # include <stdlib.h>
| # include <stddef.h>
| #else
| # ifdef HAVE_STDLIB_H
| #  include <stdlib.h>
| # endif
| #endif
| #ifdef HAVE_STRING_H
| # if !defined STDC_HEADERS && defined HAVE_MEMORY_H
| #  include <memory.h>
| # endif
| # include <string.h>
| #endif
| #ifdef HAVE_STRINGS_H
| # include <strings.h>
| #endif
| #ifdef HAVE_INTTYPES_H
| # include <inttypes.h>
| #endif
| #ifdef HAVE_STDINT_H
| # include <stdint.h>
| #endif
| #ifdef HAVE_UNISTD_H
| # include <unistd.h>
| #endif
| int
| main ()
| {
| if (sizeof ((pid_t)))
| 	  return 0;
|   ;
|   return 0;
| }
configure:5572: result: yes
configure:5584: checking for size_t
configure:5612: g++ -c   conftest.cpp >&5
configure:5619: $? = 0
configure:5646: g++ -c   conftest.cpp >&5
conftest.cpp: In function 'int main()':
conftest.cpp:60: error: expected primary-expression before ')' token
configure:5653: $? = 1
configure: failed program was:
| /* confdefs.h.  */
| #define PACKAGE_NAME "FSA"
| #define PACKAGE_TARNAME "fsa"
| #define PACKAGE_VERSION "1.15.6"
| #define PACKAGE_STRING "FSA 1.15.6"
| #define PACKAGE_BUGREPORT "fsa@math.berkeley.edu"
| #define PACKAGE "fsa"
| #define VERSION "1.15.6"
| #define STDC_HEADERS 1
| #define HAVE_SYS_TYPES_H 1
| #define HAVE_SYS_STAT_H 1
| #define HAVE_STDLIB_H 1
| #define HAVE_STRING_H 1
| #define HAVE_MEMORY_H 1
| #define HAVE_STRINGS_H 1
| #define HAVE_INTTYPES_H 1
| #define HAVE_STDINT_H 1
| #define HAVE_UNISTD_H 1
| #define HAVE_STDLIB_H 1
| #define HAVE_STRING_H 1
| #define HAVE_UNISTD_H 1
| #define HAVE_STDBOOL_H 1
| /* end confdefs.h.  */
| #include <stdio.h>
| #ifdef HAVE_SYS_TYPES_H
| # include <sys/types.h>
| #endif
| #ifdef HAVE_SYS_STAT_H
| # include <sys/stat.h>
| #endif
| #ifdef STDC_HEADERS
| # include <stdlib.h>
| # include <stddef.h>
| #else
| # ifdef HAVE_STDLIB_H
| #  include <stdlib.h>
| # endif
| #endif
| #ifdef HAVE_STRING_H
| # if !defined STDC_HEADERS && defined HAVE_MEMORY_H
| #  include <memory.h>
| # endif
| # include <string.h>
| #endif
| #ifdef HAVE_STRINGS_H
| # include <strings.h>
| #endif
| #ifdef HAVE_INTTYPES_H
| # include <inttypes.h>
| #endif
| #ifdef HAVE_STDINT_H
| # include <stdint.h>
| #endif
| #ifdef HAVE_UNISTD_H
| # include <unistd.h>
| #endif
| int
| main ()
| {
| if (sizeof ((size_t)))
| 	  return 0;
|   ;
|   return 0;
| }
configure:5676: result: yes
configure:5689: checking for unsigned long long int
configure:5720: g++ -o conftest    conftest.cpp  >&5
configure:5727: $? = 0
configure:5747: result: yes
configure:5759: checking for uintmax_t
configure:5787: g++ -c   conftest.cpp >&5
configure:5794: $? = 0
configure:5821: g++ -c   conftest.cpp >&5
conftest.cpp: In function 'int main()':
conftest.cpp:61: error: expected primary-expression before ')' token
configure:5828: $? = 1
configure: failed program was:
| /* confdefs.h.  */
| #define PACKAGE_NAME "FSA"
| #define PACKAGE_TARNAME "fsa"
| #define PACKAGE_VERSION "1.15.6"
| #define PACKAGE_STRING "FSA 1.15.6"
| #define PACKAGE_BUGREPORT "fsa@math.berkeley.edu"
| #define PACKAGE "fsa"
| #define VERSION "1.15.6"
| #define STDC_HEADERS 1
| #define HAVE_SYS_TYPES_H 1
| #define HAVE_SYS_STAT_H 1
| #define HAVE_STDLIB_H 1
| #define HAVE_STRING_H 1
| #define HAVE_MEMORY_H 1
| #define HAVE_STRINGS_H 1
| #define HAVE_INTTYPES_H 1
| #define HAVE_STDINT_H 1
| #define HAVE_UNISTD_H 1
| #define HAVE_STDLIB_H 1
| #define HAVE_STRING_H 1
| #define HAVE_UNISTD_H 1
| #define HAVE_STDBOOL_H 1
| #define HAVE_UNSIGNED_LONG_LONG_INT 1
| /* end confdefs.h.  */
| #include <stdio.h>
| #ifdef HAVE_SYS_TYPES_H
| # include <sys/types.h>
| #endif
| #ifdef HAVE_SYS_STAT_H
| # include <sys/stat.h>
| #endif
| #ifdef STDC_HEADERS
| # include <stdlib.h>
| # include <stddef.h>
| #else
| # ifdef HAVE_STDLIB_H
| #  include <stdlib.h>
| # endif
| #endif
| #ifdef HAVE_STRING_H
| # if !defined STDC_HEADERS && defined HAVE_MEMORY_H
| #  include <memory.h>
| # endif
| # include <string.h>
| #endif
| #ifdef HAVE_STRINGS_H
| # include <strings.h>
| #endif
| #ifdef HAVE_INTTYPES_H
| # include <inttypes.h>
| #endif
| #ifdef HAVE_STDINT_H
| # include <stdint.h>
| #endif
| #ifdef HAVE_UNISTD_H
| # include <unistd.h>
| #endif
| int
| main ()
| {
| if (sizeof ((uintmax_t)))
| 	  return 0;
|   ;
|   return 0;
| }
configure:5851: result: yes
configure:5871: checking for ptrdiff_t
configure:5899: g++ -c   conftest.cpp >&5
configure:5906: $? = 0
configure:5933: g++ -c   conftest.cpp >&5
conftest.cpp: In function 'int main()':
conftest.cpp:62: error: expected primary-expression before ')' token
configure:5940: $? = 1
configure: failed program was:
| /* confdefs.h.  */
| #define PACKAGE_NAME "FSA"
| #define PACKAGE_TARNAME "fsa"
| #define PACKAGE_VERSION "1.15.6"
| #define PACKAGE_STRING "FSA 1.15.6"
| #define PACKAGE_BUGREPORT "fsa@math.berkeley.edu"
| #define PACKAGE "fsa"
| #define VERSION "1.15.6"
| #define STDC_HEADERS 1
| #define HAVE_SYS_TYPES_H 1
| #define HAVE_SYS_STAT_H 1
| #define HAVE_STDLIB_H 1
| #define HAVE_STRING_H 1
| #define HAVE_MEMORY_H 1
| #define HAVE_STRINGS_H 1
| #define HAVE_INTTYPES_H 1
| #define HAVE_STDINT_H 1
| #define HAVE_UNISTD_H 1
| #define HAVE_STDLIB_H 1
| #define HAVE_STRING_H 1
| #define HAVE_UNISTD_H 1
| #define HAVE_STDBOOL_H 1
| #define HAVE_UNSIGNED_LONG_LONG_INT 1
| #define HAVE_UINTMAX_T 1
| /* end confdefs.h.  */
| #include <stdio.h>
| #ifdef HAVE_SYS_TYPES_H
| # include <sys/types.h>
| #endif
| #ifdef HAVE_SYS_STAT_H
| # include <sys/stat.h>
| #endif
| #ifdef STDC_HEADERS
| # include <stdlib.h>
| # include <stddef.h>
| #else
| # ifdef HAVE_STDLIB_H
| #  include <stdlib.h>
| # endif
| #endif
| #ifdef HAVE_STRING_H
| # if !defined STDC_HEADERS && defined HAVE_MEMORY_H
| #  include <memory.h>
| # endif
| # include <string.h>
| #endif
| #ifdef HAVE_STRINGS_H
| # include <strings.h>
| #endif
| #ifdef HAVE_INTTYPES_H
| # include <inttypes.h>
| #endif
| #ifdef HAVE_STDINT_H
| # include <stdint.h>
| #endif
| #ifdef HAVE_UNISTD_H
| # include <unistd.h>
| #endif
| int
| main ()
| {
| if (sizeof ((ptrdiff_t)))
| 	  return 0;
|   ;
|   return 0;
| }
configure:5963: result: yes
configure:5993: checking tr1/unordered_map usability
configure:6010: g++ -c   conftest.cpp >&5
configure:6017: $? = 0
configure:6031: result: yes
configure:6035: checking tr1/unordered_map presence
configure:6050: g++ -E  conftest.cpp
configure:6057: $? = 0
configure:6071: result: yes
configure:6104: checking for tr1/unordered_map
configure:6113: result: yes
configure:5993: checking tr1/unordered_set usability
configure:6010: g++ -c   conftest.cpp >&5
configure:6017: $? = 0
configure:6031: result: yes
configure:6035: checking tr1/unordered_set presence
configure:6050: g++ -E  conftest.cpp
configure:6057: $? = 0
configure:6071: result: yes
configure:6104: checking for tr1/unordered_set
configure:6113: result: yes
configure:6146: checking vfork.h usability
configure:6163: g++ -c   conftest.cpp >&5
conftest.cpp:62:19: error: vfork.h: No such file or directory
configure:6170: $? = 1
configure: failed program was:
| /* confdefs.h.  */
| #define PACKAGE_NAME "FSA"
| #define PACKAGE_TARNAME "fsa"
| #define PACKAGE_VERSION "1.15.6"
| #define PACKAGE_STRING "FSA 1.15.6"
| #define PACKAGE_BUGREPORT "fsa@math.berkeley.edu"
| #define PACKAGE "fsa"
| #define VERSION "1.15.6"
| #define STDC_HEADERS 1
| #define HAVE_SYS_TYPES_H 1
| #define HAVE_SYS_STAT_H 1
| #define HAVE_STDLIB_H 1
| #define HAVE_STRING_H 1
| #define HAVE_MEMORY_H 1
| #define HAVE_STRINGS_H 1
| #define HAVE_INTTYPES_H 1
| #define HAVE_STDINT_H 1
| #define HAVE_UNISTD_H 1
| #define HAVE_STDLIB_H 1
| #define HAVE_STRING_H 1
| #define HAVE_UNISTD_H 1
| #define HAVE_STDBOOL_H 1
| #define HAVE_UNSIGNED_LONG_LONG_INT 1
| #define HAVE_UINTMAX_T 1
| #define HAVE_PTRDIFF_T 1
| #define HAVE_TR1_UNORDERED_MAP 1
| #define HAVE_TR1_UNORDERED_SET 1
| /* end confdefs.h.  */
| #include <stdio.h>
| #ifdef HAVE_SYS_TYPES_H
| # include <sys/types.h>
| #endif
| #ifdef HAVE_SYS_STAT_H
| # include <sys/stat.h>
| #endif
| #ifdef STDC_HEADERS
| # include <stdlib.h>
| # include <stddef.h>
| #else
| # ifdef HAVE_STDLIB_H
| #  include <stdlib.h>
| # endif
| #endif
| #ifdef HAVE_STRING_H
| # if !defined STDC_HEADERS && defined HAVE_MEMORY_H
| #  include <memory.h>
| # endif
| # include <string.h>
| #endif
| #ifdef HAVE_STRINGS_H
| # include <strings.h>
| #endif
| #ifdef HAVE_INTTYPES_H
| # include <inttypes.h>
| #endif
| #ifdef HAVE_STDINT_H
| # include <stdint.h>
| #endif
| #ifdef HAVE_UNISTD_H
| # include <unistd.h>
| #endif
| #include <vfork.h>
configure:6184: result: no
configure:6188: checking vfork.h presence
configure:6203: g++ -E  conftest.cpp
conftest.cpp:29:19: error: vfork.h: No such file or directory
configure:6210: $? = 1
configure: failed program was:
| /* confdefs.h.  */
| #define PACKAGE_NAME "FSA"
| #define PACKAGE_TARNAME "fsa"
| #define PACKAGE_VERSION "1.15.6"
| #define PACKAGE_STRING "FSA 1.15.6"
| #define PACKAGE_BUGREPORT "fsa@math.berkeley.edu"
| #define PACKAGE "fsa"
| #define VERSION "1.15.6"
| #define STDC_HEADERS 1
| #define HAVE_SYS_TYPES_H 1
| #define HAVE_SYS_STAT_H 1
| #define HAVE_STDLIB_H 1
| #define HAVE_STRING_H 1
| #define HAVE_MEMORY_H 1
| #define HAVE_STRINGS_H 1
| #define HAVE_INTTYPES_H 1
| #define HAVE_STDINT_H 1
| #define HAVE_UNISTD_H 1
| #define HAVE_STDLIB_H 1
| #define HAVE_STRING_H 1
| #define HAVE_UNISTD_H 1
| #define HAVE_STDBOOL_H 1
| #define HAVE_UNSIGNED_LONG_LONG_INT 1
| #define HAVE_UINTMAX_T 1
| #define HAVE_PTRDIFF_T 1
| #define HAVE_TR1_UNORDERED_MAP 1
| #define HAVE_TR1_UNORDERED_SET 1
| /* end confdefs.h.  */
| #include <vfork.h>
configure:6224: result: no
configure:6257: checking for vfork.h
configure:6266: result: no
configure:6286: checking for fork
configure:6342: g++ -o conftest    conftest.cpp  >&5
configure:6349: $? = 0
configure:6371: result: yes
configure:6286: checking for vfork
configure:6342: g++ -o conftest    conftest.cpp  >&5
configure:6349: $? = 0
configure:6371: result: yes
configure:6384: checking for working fork
configure:6416: g++ -o conftest    conftest.cpp  >&5
configure:6420: $? = 0
configure:6426: ./conftest
configure:6430: $? = 0
configure:6447: result: yes
configure:6468: checking for working vfork
configure:6609: result: yes
configure:6652: checking for floor
configure:6708: g++ -o conftest    conftest.cpp  >&5
configure:6715: $? = 0
configure:6737: result: yes
configure:6652: checking for memmove
configure:6708: g++ -o conftest    conftest.cpp  >&5
configure:6715: $? = 0
configure:6737: result: yes
configure:6652: checking for pow
configure:6708: g++ -o conftest    conftest.cpp  >&5
configure:6715: $? = 0
configure:6737: result: yes
configure:6652: checking for regcomp
configure:6708: g++ -o conftest    conftest.cpp  >&5
configure:6715: $? = 0
configure:6737: result: yes
configure:6652: checking for sqrt
configure:6708: g++ -o conftest    conftest.cpp  >&5
configure:6715: $? = 0
configure:6737: result: yes
configure:6652: checking for strchr
configure:6708: g++ -o conftest    conftest.cpp  >&5
configure:6715: $? = 0
configure:6737: result: yes
configure:6652: checking for strcspn
configure:6708: g++ -o conftest    conftest.cpp  >&5
configure:6715: $? = 0
configure:6737: result: yes
configure:6652: checking for strspn
configure:6708: g++ -o conftest    conftest.cpp  >&5
configure:6715: $? = 0
configure:6737: result: yes
configure:6652: checking for strstr
configure:6708: g++ -o conftest    conftest.cpp  >&5
configure:6715: $? = 0
configure:6737: result: yes
configure:6757: checking build system type
configure:6775: result: x86_64-unknown-linux-gnu
configure:6797: checking host system type
configure:6812: result: x86_64-unknown-linux-gnu
configure:6943: checking if gcc accepts -m64
configure:6967: g++ -c   conftest.cpp >&5
configure:6974: $? = 0
configure:6979: result: yes
configure:7153: checking for mummer
configure:7184: result: no
configure:7241: checking for exonerate
configure:7259: found /mss1/jbkim/bioen-compbio/Programs/exonerate-2.2.0/src/program/exonerate
configure:7272: result: /mss1/jbkim/bioen-compbio/Programs/exonerate-2.2.0/src/program/exonerate
configure:7786: checking for struct sysinfo.totalram
configure:7815: g++ -c -Wall -m64 -O3 -ffast-math  -DNDEBUG  conftest.cpp >&5
configure:7822: $? = 0
configure:7881: result: yes
configure:7891: checking for struct sysinfo.mem_unit
configure:7920: g++ -c -Wall -m64 -O3 -ffast-math  -DNDEBUG  conftest.cpp >&5
configure:7927: $? = 0
configure:7986: result: yes
configure:7997: checking whether sysctl is declared
configure:8027: g++ -c -Wall -m64 -O3 -ffast-math  -DNDEBUG  conftest.cpp >&5
configure:8034: $? = 0
configure:8049: result: yes
configure:8065: checking whether CTL_HW is declared
configure:8095: g++ -c -Wall -m64 -O3 -ffast-math  -DNDEBUG  conftest.cpp >&5
conftest.cpp: In function 'int main()':
conftest.cpp:52: error: 'CTL_HW' was not declared in this scope
configure:8102: $? = 1
configure: failed program was:
| /* confdefs.h.  */
| #define PACKAGE_NAME "FSA"
| #define PACKAGE_TARNAME "fsa"
| #define PACKAGE_VERSION "1.15.6"
| #define PACKAGE_STRING "FSA 1.15.6"
| #define PACKAGE_BUGREPORT "fsa@math.berkeley.edu"
| #define PACKAGE "fsa"
| #define VERSION "1.15.6"
| #define STDC_HEADERS 1
| #define HAVE_SYS_TYPES_H 1
| #define HAVE_SYS_STAT_H 1
| #define HAVE_STDLIB_H 1
| #define HAVE_STRING_H 1
| #define HAVE_MEMORY_H 1
| #define HAVE_STRINGS_H 1
| #define HAVE_INTTYPES_H 1
| #define HAVE_STDINT_H 1
| #define HAVE_UNISTD_H 1
| #define HAVE_STDLIB_H 1
| #define HAVE_STRING_H 1
| #define HAVE_UNISTD_H 1
| #define HAVE_STDBOOL_H 1
| #define HAVE_UNSIGNED_LONG_LONG_INT 1
| #define HAVE_UINTMAX_T 1
| #define HAVE_PTRDIFF_T 1
| #define HAVE_TR1_UNORDERED_MAP 1
| #define HAVE_TR1_UNORDERED_SET 1
| #define HAVE_FORK 1
| #define HAVE_VFORK 1
| #define HAVE_WORKING_VFORK 1
| #define HAVE_WORKING_FORK 1
| #define HAVE_FLOOR 1
| #define HAVE_MEMMOVE 1
| #define HAVE_POW 1
| #define HAVE_REGCOMP 1
| #define HAVE_SQRT 1
| #define HAVE_STRCHR 1
| #define HAVE_STRCSPN 1
| #define HAVE_STRSPN 1
| #define HAVE_STRSTR 1
| #define EXONERATE_EXEC "/mss1/jbkim/bioen-compbio/Programs/exonerate-2.2.0/src/program/exonerate"
| #define HAVE_STRUCT_SYSINFO_TOTALRAM 1
| #define HAVE_STRUCT_SYSINFO_MEM_UNIT 1
| #define HAVE_DECL_SYSCTL 1
| /* end confdefs.h.  */
| #include <sys/sysctl.h>
| 
| int
| main ()
| {
| #ifndef CTL_HW
|   (void) CTL_HW;
| #endif
| 
|   ;
|   return 0;
| }
configure:8117: result: no
configure:8133: checking whether HW_PHYSMEM is declared
configure:8163: g++ -c -Wall -m64 -O3 -ffast-math  -DNDEBUG  conftest.cpp >&5
conftest.cpp: In function 'int main()':
conftest.cpp:53: error: 'HW_PHYSMEM' was not declared in this scope
configure:8170: $? = 1
configure: failed program was:
| /* confdefs.h.  */
| #define PACKAGE_NAME "FSA"
| #define PACKAGE_TARNAME "fsa"
| #define PACKAGE_VERSION "1.15.6"
| #define PACKAGE_STRING "FSA 1.15.6"
| #define PACKAGE_BUGREPORT "fsa@math.berkeley.edu"
| #define PACKAGE "fsa"
| #define VERSION "1.15.6"
| #define STDC_HEADERS 1
| #define HAVE_SYS_TYPES_H 1
| #define HAVE_SYS_STAT_H 1
| #define HAVE_STDLIB_H 1
| #define HAVE_STRING_H 1
| #define HAVE_MEMORY_H 1
| #define HAVE_STRINGS_H 1
| #define HAVE_INTTYPES_H 1
| #define HAVE_STDINT_H 1
| #define HAVE_UNISTD_H 1
| #define HAVE_STDLIB_H 1
| #define HAVE_STRING_H 1
| #define HAVE_UNISTD_H 1
| #define HAVE_STDBOOL_H 1
| #define HAVE_UNSIGNED_LONG_LONG_INT 1
| #define HAVE_UINTMAX_T 1
| #define HAVE_PTRDIFF_T 1
| #define HAVE_TR1_UNORDERED_MAP 1
| #define HAVE_TR1_UNORDERED_SET 1
| #define HAVE_FORK 1
| #define HAVE_VFORK 1
| #define HAVE_WORKING_VFORK 1
| #define HAVE_WORKING_FORK 1
| #define HAVE_FLOOR 1
| #define HAVE_MEMMOVE 1
| #define HAVE_POW 1
| #define HAVE_REGCOMP 1
| #define HAVE_SQRT 1
| #define HAVE_STRCHR 1
| #define HAVE_STRCSPN 1
| #define HAVE_STRSPN 1
| #define HAVE_STRSTR 1
| #define EXONERATE_EXEC "/mss1/jbkim/bioen-compbio/Programs/exonerate-2.2.0/src/program/exonerate"
| #define HAVE_STRUCT_SYSINFO_TOTALRAM 1
| #define HAVE_STRUCT_SYSINFO_MEM_UNIT 1
| #define HAVE_DECL_SYSCTL 1
| #define HAVE_DECL_CTL_HW 0
| /* end confdefs.h.  */
| #include <sys/sysctl.h>
| 
| int
| main ()
| {
| #ifndef HW_PHYSMEM
|   (void) HW_PHYSMEM;
| #endif
| 
|   ;
|   return 0;
| }
configure:8185: result: no
configure:8207: checking for javac
configure:8223: found /usr/bin/javac
configure:8235: result: yes
configure:8407: creating ./config.status

## ---------------------- ##
## Running config.status. ##
## ---------------------- ##

This file was extended by FSA config.status 1.15.6, which was
generated by GNU Autoconf 2.63.  Invocation command line was

  CONFIG_FILES    = 
  CONFIG_HEADERS  = 
  CONFIG_LINKS    = 
  CONFIG_COMMANDS = 
  $ ./config.status 

on europa00

config.status:840: creating Makefile
config.status:840: creating src/main/Makefile
config.status:840: creating src/manager/Makefile
config.status:840: creating src/fsa/Makefile
config.status:840: creating src/annealing/Makefile
config.status:840: creating src/math/Makefile
config.status:840: creating src/util/Makefile
config.status:840: creating src/seq/Makefile
config.status:840: creating perl/Makefile
config.status:840: creating examples/Makefile
config.status:840: creating doc/Makefile
config.status:840: creating doc/version.tex
config.status:840: creating html/Makefile
config.status:840: creating tests/Makefile
config.status:840: creating config.h
config.status:1062: config.h is unchanged
config.status:1114: executing depfiles commands

## ---------------- ##
## Cache variables. ##
## ---------------- ##

ac_cv_build=x86_64-unknown-linux-gnu
ac_cv_c_compiler_gnu=yes
ac_cv_c_inline=inline
ac_cv_cxx_compiler_gnu=yes
ac_cv_env_CCC_set=
ac_cv_env_CCC_value=
ac_cv_env_CC_set=
ac_cv_env_CC_value=
ac_cv_env_CFLAGS_set=
ac_cv_env_CFLAGS_value=
ac_cv_env_CPPFLAGS_set=
ac_cv_env_CPPFLAGS_value=
ac_cv_env_CXXCPP_set=
ac_cv_env_CXXCPP_value=
ac_cv_env_CXXFLAGS_set=
ac_cv_env_CXXFLAGS_value=
ac_cv_env_CXX_set=
ac_cv_env_CXX_value=
ac_cv_env_LDFLAGS_set=
ac_cv_env_LDFLAGS_value=
ac_cv_env_LIBS_set=
ac_cv_env_LIBS_value=
ac_cv_env_MAD_MAIN_CLASS_set=
ac_cv_env_MAD_MAIN_CLASS_value=
ac_cv_env_build_alias_set=
ac_cv_env_build_alias_value=
ac_cv_env_host_alias_set=
ac_cv_env_host_alias_value=
ac_cv_env_target_alias_set=
ac_cv_env_target_alias_value=
ac_cv_func_floor=yes
ac_cv_func_fork=yes
ac_cv_func_fork_works=yes
ac_cv_func_memmove=yes
ac_cv_func_pow=yes
ac_cv_func_regcomp=yes
ac_cv_func_sqrt=yes
ac_cv_func_strchr=yes
ac_cv_func_strcspn=yes
ac_cv_func_strspn=yes
ac_cv_func_strstr=yes
ac_cv_func_vfork=yes
ac_cv_func_vfork_works=yes
ac_cv_have_decl_CTL_HW=no
ac_cv_have_decl_HW_PHYSMEM=no
ac_cv_have_decl_sysctl=yes
ac_cv_header_inttypes_h=yes
ac_cv_header_memory_h=yes
ac_cv_header_stdbool_h=yes
ac_cv_header_stdc=yes
ac_cv_header_stdint_h=yes
ac_cv_header_stdlib_h=yes
ac_cv_header_string_h=yes
ac_cv_header_strings_h=yes
ac_cv_header_sys_stat_h=yes
ac_cv_header_sys_types_h=yes
ac_cv_header_tr1_unordered_map=yes
ac_cv_header_tr1_unordered_set=yes
ac_cv_header_unistd_h=yes
ac_cv_header_vfork_h=no
ac_cv_host=x86_64-unknown-linux-gnu
ac_cv_member_struct_sysinfo_mem_unit=yes
ac_cv_member_struct_sysinfo_totalram=yes
ac_cv_objext=o
ac_cv_path_EGREP='/bin/grep -E'
ac_cv_path_EXONERATE_EXEC=/mss1/jbkim/bioen-compbio/Programs/exonerate-2.2.0/src/program/exonerate
ac_cv_path_GREP=/bin/grep
ac_cv_path_MUMMER_EXEC=no
ac_cv_path_install='/usr/bin/install -c'
ac_cv_path_mkdir=/bin/mkdir
ac_cv_prog_AWK=gawk
ac_cv_prog_CXXCPP='g++ -E'
ac_cv_prog_HAVE_JAVAC=yes
ac_cv_prog_ac_ct_CC=gcc
ac_cv_prog_ac_ct_CXX=g++
ac_cv_prog_ac_ct_RANLIB=ranlib
ac_cv_prog_cc_c89=
ac_cv_prog_cc_g=yes
ac_cv_prog_cxx_g=yes
ac_cv_prog_make_make_set=yes
ac_cv_type__Bool=no
ac_cv_type_pid_t=yes
ac_cv_type_ptrdiff_t=yes
ac_cv_type_size_t=yes
ac_cv_type_uintmax_t=yes
ac_cv_type_unsigned_long_long_int=yes
am_cv_CC_dependencies_compiler_type=gcc3
am_cv_CXX_dependencies_compiler_type=gcc3
am_cv_prog_tar_ustar=gnutar

## ----------------- ##
## Output variables. ##
## ----------------- ##

ACLOCAL='${SHELL} /home/jbkim/projects/PSARAlign/src/PSARAlign/fsa-1.15.6/build-aux/missing --run aclocal-1.11'
AMDEPBACKSLASH='\'
AMDEP_FALSE='#'
AMDEP_TRUE=''
AMTAR='${SHELL} /home/jbkim/projects/PSARAlign/src/PSARAlign/fsa-1.15.6/build-aux/missing --run tar'
AUTOCONF='${SHELL} /home/jbkim/projects/PSARAlign/src/PSARAlign/fsa-1.15.6/build-aux/missing --run autoconf'
AUTOHEADER='${SHELL} /home/jbkim/projects/PSARAlign/src/PSARAlign/fsa-1.15.6/build-aux/missing --run autoheader'
AUTOMAKE='${SHELL} /home/jbkim/projects/PSARAlign/src/PSARAlign/fsa-1.15.6/build-aux/missing --run automake-1.11'
AWK='gawk'
CC='gcc'
CCDEPMODE='depmode=gcc3'
CFLAGS='-Wall -m64 -O3 -ffast-math  -DNDEBUG'
CPPFLAGS=''
CXX='g++'
CXXCPP='g++ -E'
CXXDEPMODE='depmode=gcc3'
CXXFLAGS='-Wall -m64 -O3 -ffast-math  -DNDEBUG'
CYGPATH_W='echo'
DEFS='-DHAVE_CONFIG_H'
DEPDIR='.deps'
ECHO_C=''
ECHO_N='-n'
ECHO_T=''
EGREP='/bin/grep -E'
EXEEXT=''
EXONERATE_EXEC='/mss1/jbkim/bioen-compbio/Programs/exonerate-2.2.0/src/program/exonerate'
GREP='/bin/grep'
HAVE_CONDOR=''
HAVE_CONDOR_COMPILE=''
HAVE_CONDOR_FALSE=''
HAVE_CONDOR_TRUE='#'
HAVE_JAVAC='yes'
HAVE_JAVAC_FALSE='#'
HAVE_JAVAC_TRUE=''
HAVE_POSTGRES_FALSE=''
HAVE_POSTGRES_TRUE='#'
INSTALL_DATA='${INSTALL} -m 644'
INSTALL_PROGRAM='${INSTALL}'
INSTALL_SCRIPT='${INSTALL}'
INSTALL_STRIP_PROGRAM='$(install_sh) -c -s'
LDFLAGS=''
LIBOBJS=''
LIBS=''
LTLIBOBJS=''
MAD_MAIN_CLASS='mad.MAD'
MAKEINFO='${SHELL} /home/jbkim/projects/PSARAlign/src/PSARAlign/fsa-1.15.6/build-aux/missing --run makeinfo'
MKDIR_P='/bin/mkdir -p'
MUMMER_EXEC='no'
OBJEXT='o'
PACKAGE='fsa'
PACKAGE_BUGREPORT='fsa@math.berkeley.edu'
PACKAGE_NAME='FSA'
PACKAGE_STRING='FSA 1.15.6'
PACKAGE_TARNAME='fsa'
PACKAGE_VERSION='1.15.6'
PATH_SEPARATOR=':'
RANLIB='ranlib'
SET_MAKE=''
SHELL='/bin/sh'
STRIP=''
VERSION='1.15.6'
ac_ct_CC='gcc'
ac_ct_CXX='g++'
am__EXEEXT_FALSE=''
am__EXEEXT_TRUE='#'
am__fastdepCC_FALSE='#'
am__fastdepCC_TRUE=''
am__fastdepCXX_FALSE='#'
am__fastdepCXX_TRUE=''
am__include='include'
am__isrc=''
am__leading_dot='.'
am__quote=''
am__tar='tar --format=ustar -chf - "$$tardir"'
am__untar='tar -xf -'
bindir='${exec_prefix}/bin'
build='x86_64-unknown-linux-gnu'
build_alias=''
build_cpu='x86_64'
build_os='linux-gnu'
build_vendor='unknown'
datadir='${datarootdir}'
datarootdir='${prefix}/share'
docdir='${datarootdir}/doc/${PACKAGE_TARNAME}'
dvidir='${docdir}'
exec_prefix='${prefix}'
host='x86_64-unknown-linux-gnu'
host_alias=''
host_cpu='x86_64'
host_os='linux-gnu'
host_vendor='unknown'
htmldir='${docdir}'
includedir='${prefix}/include'
infodir='${datarootdir}/info'
install_sh='${SHELL} /home/jbkim/projects/PSARAlign/src/PSARAlign/fsa-1.15.6/build-aux/install-sh'
libdir='${exec_prefix}/lib'
libexecdir='${exec_prefix}/libexec'
localedir='${datarootdir}/locale'
localstatedir='${prefix}/var'
mandir='${datarootdir}/man'
mkdir_p='/bin/mkdir -p'
oldincludedir='/usr/include'
pdfdir='${docdir}'
prefix='/usr/local'
program_transform_name='s,x,x,'
psdir='${docdir}'
sbindir='${exec_prefix}/sbin'
sharedstatedir='${prefix}/com'
subdirs=''
sysconfdir='${prefix}/etc'
target_alias=''

## ----------- ##
## confdefs.h. ##
## ----------- ##

#define PACKAGE_NAME "FSA"
#define PACKAGE_TARNAME "fsa"
#define PACKAGE_VERSION "1.15.6"
#define PACKAGE_STRING "FSA 1.15.6"
#define PACKAGE_BUGREPORT "fsa@math.berkeley.edu"
#define PACKAGE "fsa"
#define VERSION "1.15.6"
#define STDC_HEADERS 1
#define HAVE_SYS_TYPES_H 1
#define HAVE_SYS_STAT_H 1
#define HAVE_STDLIB_H 1
#define HAVE_STRING_H 1
#define HAVE_MEMORY_H 1
#define HAVE_STRINGS_H 1
#define HAVE_INTTYPES_H 1
#define HAVE_STDINT_H 1
#define HAVE_UNISTD_H 1
#define HAVE_STDLIB_H 1
#define HAVE_STRING_H 1
#define HAVE_UNISTD_H 1
#define HAVE_STDBOOL_H 1
#define HAVE_UNSIGNED_LONG_LONG_INT 1
#define HAVE_UINTMAX_T 1
#define HAVE_PTRDIFF_T 1
#define HAVE_TR1_UNORDERED_MAP 1
#define HAVE_TR1_UNORDERED_SET 1
#define HAVE_FORK 1
#define HAVE_VFORK 1
#define HAVE_WORKING_VFORK 1
#define HAVE_WORKING_FORK 1
#define HAVE_FLOOR 1
#define HAVE_MEMMOVE 1
#define HAVE_POW 1
#define HAVE_REGCOMP 1
#define HAVE_SQRT 1
#define HAVE_STRCHR 1
#define HAVE_STRCSPN 1
#define HAVE_STRSPN 1
#define HAVE_STRSTR 1
#define EXONERATE_EXEC "/mss1/jbkim/bioen-compbio/Programs/exonerate-2.2.0/src/program/exonerate"
#define HAVE_STRUCT_SYSINFO_TOTALRAM 1
#define HAVE_STRUCT_SYSINFO_MEM_UNIT 1
#define HAVE_DECL_SYSCTL 1
#define HAVE_DECL_CTL_HW 0
#define HAVE_DECL_HW_PHYSMEM 0

configure: exit 0
